<?xml version="1.0" encoding="UTF-8"?>
<testsuite xmlns:xsi="http://www.w3.org/2001/XMLSchema-instance" xsi:noNamespaceSchemaLocation="https://maven.apache.org/surefire/maven-surefire-plugin/xsd/surefire-test-report-3.0.xsd" version="3.0" name="com.senai.ThymeLeaf.ThymeLeafApplicationTests" time="10.009" tests="1" errors="0" skipped="0" failures="0">
  <properties>
[...]
</properties>
  <testcase name="contextLoads" classname="com.senai.ThymeLeaf.ThymeLeafApplicationTests" time="0.999">
    <system-out><![CDATA[16:35:28.820 [main] INFO org.springframework.test.context.support.AnnotationConfigContextLoaderUtils -- Could not detect default configuration classes for test class [com.senai.ThymeLeaf.ThymeLeafApplicationTests]: ThymeLeafApplicationTests does not declare any static, non-private, non-final, nested classes annotated with @Configuration.
16:35:29.041 [main] INFO org.springframework.boot.test.context.SpringBootTestContextBootstrapper -- Found @SpringBootConfiguration com.senai.ThymeLeaf.ThymeLeafApplication for test class com.senai.ThymeLeaf.ThymeLeafApplicationTests

  .   ____          _            __ _ _
 /\\ / ___'_ __ _ _(_)_ __  __ _ \ \ \ \
( ( )\___ | '_ | '_| | '_ \/ _` | \ \ \ \
 \\/  ___)| |_)| | | | | || (_| |  ) ) ) )
  '  |____| .__|_| |_|_| |_\__, | / / / /
 =========|_|==============|___/=/_/_/_/
 :: Spring Boot ::               (v3.1.10)

2024-10-24T16:35:29.964-03:00  INFO 9372 --- [           main] c.s.ThymeLeaf.ThymeLeafApplicationTests  : Starting ThymeLeafApplicationTests using Java 21.0.4 with PID 9372 (started by gabriel.abel in C:\Users\gabriel.abel\Downloads\ThymeLeaf)
2024-10-24T16:35:29.966-03:00  INFO 9372 --- [           main] c.s.ThymeLeaf.ThymeLeafApplicationTests  : No active profile set, falling back to 1 default profile: "default"
2024-10-24T16:35:31.706-03:00  INFO 9372 --- [           main] .s.d.r.c.RepositoryConfigurationDelegate : Bootstrapping Spring Data JPA repositories in DEFAULT mode.
2024-10-24T16:35:31.846-03:00  INFO 9372 --- [           main] .s.d.r.c.RepositoryConfigurationDelegate : Finished Spring Data repository scanning in 122 ms. Found 2 JPA repository interfaces.
2024-10-24T16:35:32.693-03:00  INFO 9372 --- [           main] o.hibernate.jpa.internal.util.LogHelper  : HHH000204: Processing PersistenceUnitInfo [name: default]
2024-10-24T16:35:32.827-03:00  INFO 9372 --- [           main] org.hibernate.Version                    : HHH000412: Hibernate ORM core version 6.2.22.Final
2024-10-24T16:35:32.833-03:00  INFO 9372 --- [           main] org.hibernate.cfg.Environment            : HHH000406: Using bytecode reflection optimizer
2024-10-24T16:35:33.541-03:00  INFO 9372 --- [           main] o.s.o.j.p.SpringPersistenceUnitInfo      : No LoadTimeWeaver setup: ignoring JPA class transformer
2024-10-24T16:35:33.624-03:00  INFO 9372 --- [           main] com.zaxxer.hikari.HikariDataSource       : HikariPool-1 - Starting...
2024-10-24T16:35:33.887-03:00  INFO 9372 --- [           main] com.zaxxer.hikari.pool.HikariPool        : HikariPool-1 - Added connection org.mariadb.jdbc.Connection@1b46392c
2024-10-24T16:35:33.891-03:00  INFO 9372 --- [           main] com.zaxxer.hikari.HikariDataSource       : HikariPool-1 - Start completed.
2024-10-24T16:35:35.459-03:00  INFO 9372 --- [           main] o.h.e.t.j.p.i.JtaPlatformInitiator       : HHH000489: No JTA platform available (set 'hibernate.transaction.jta.platform' to enable JTA platform integration)
Hibernate: create table contato (id bigint not null auto_increment, cpf_cnpj varchar(14) not null, email varchar(100) not null, endereco varchar(255) not null, nome varchar(100) not null, telefone varchar(15) not null, primary key (id)) engine=InnoDB
Hibernate: create table usuario (id_usuario bigint not null auto_increment, email varchar(90) not null, senha varchar(90) not null, primary key (id_usuario)) engine=InnoDB
2024-10-24T16:35:35.553-03:00  INFO 9372 --- [           main] j.LocalContainerEntityManagerFactoryBean : Initialized JPA EntityManagerFactory for persistence unit 'default'
2024-10-24T16:35:36.655-03:00  WARN 9372 --- [           main] JpaBaseConfiguration$JpaWebConfiguration : spring.jpa.open-in-view is enabled by default. Therefore, database queries may be performed during view rendering. Explicitly configure spring.jpa.open-in-view to disable this warning
2024-10-24T16:35:37.470-03:00  INFO 9372 --- [           main] c.s.ThymeLeaf.ThymeLeafApplicationTests  : Started ThymeLeafApplicationTests in 8.123 seconds (process running for 9.896)
]]></system-out>
    <system-err><![CDATA[WARNING: A Java agent has been loaded dynamically (C:\Users\gabriel.abel\.m2\repository\net\bytebuddy\byte-buddy-agent\1.14.12\byte-buddy-agent-1.14.12.jar)
WARNING: If a serviceability tool is in use, please run with -XX:+EnableDynamicAgentLoading to hide this warning
WARNING: If a serviceability tool is not in use, please run with -Djdk.instrument.traceUsage for more information
WARNING: Dynamic loading of agents will be disallowed by default in a future release
]]></system-err>
  </testcase>
</testsuite>